# JRE version: Java(TM) SE Runtime Environment (8.0_20-b26) (build 1.8.0_20-b26)
# Java VM: Java HotSpot(TM) 64-Bit Server VM (25.20-b23 mixed mode windows-amd64 compressed oops)
Heap:
 PSYoungGen      total 289792K, used 179375K [0x00000000eab00000, 0x0000000100000000, 0x0000000100000000)
  eden space 230400K, 52% used [0x00000000eab00000,0x00000000f2032558,0x00000000f8c00000)
  from space 59392K, 99% used [0x00000000f8c00000,0x00000000fc5f96c8,0x00000000fc600000)
  to   space 59392K, 0% used [0x00000000fc600000,0x00000000fc600000,0x0000000100000000)
 ParOldGen       total 183808K, used 86978K [0x00000000c0000000, 0x00000000cb380000, 0x00000000eab00000)
  object space 183808K, 47% used [0x00000000c0000000,0x00000000c54f09c0,0x00000000cb380000)
 Metaspace       used 97622K, capacity 102333K, committed 110592K, reserved 1142784K
  class space    used 12300K, capacity 13777K, committed 16896K, reserved 1048576K
GC Heap History (10 events):
Event: 8351.468 GC heap before
{Heap before GC invocations=31 (full 8):
 PSYoungGen      total 286208K, used 31645K [0x00000000eab00000, 0x0000000100000000, 0x0000000100000000)
  eden space 225792K, 0% used [0x00000000eab00000,0x00000000eab00000,0x00000000f8780000)
  from space 60416K, 52% used [0x00000000f8780000,0x00000000fa667458,0x00000000fc280000)
  to   space 58880K, 0% used [0x00000000fc680000,0x00000000fc680000,0x0000000100000000)
 ParOldGen       total 183808K, used 84838K [0x00000000c0000000, 0x00000000cb380000, 0x00000000eab00000)
  object space 183808K, 46% used [0x00000000c0000000,0x00000000c52d9a18,0x00000000cb380000)
 Metaspace       used 106821K, capacity 113377K, committed 114688K, reserved 1146880K
  class space    used 14048K, capacity 16296K, committed 16896K, reserved 1048576K
Event: 8352.357 GC heap after
Heap after GC invocations=31 (full 8):
 PSYoungGen      total 286208K, used 0K [0x00000000eab00000, 0x0000000100000000, 0x0000000100000000)
  eden space 225792K, 0% used [0x00000000eab00000,0x00000000eab00000,0x00000000f8780000)
  from space 60416K, 0% used [0x00000000f8780000,0x00000000f8780000,0x00000000fc280000)
  to   space 58880K, 0% used [0x00000000fc680000,0x00000000fc680000,0x0000000100000000)
 ParOldGen       total 183808K, used 83711K [0x00000000c0000000, 0x00000000cb380000, 0x00000000eab00000)
  object space 183808K, 45% used [0x00000000c0000000,0x00000000c51bfe98,0x00000000cb380000)
 Metaspace       used 74247K, capacity 76581K, committed 110592K, reserved 1142784K
  class space    used 9251K, capacity 9909K, committed 16896K, reserved 1048576K
}
Event: 8355.822 GC heap before
{Heap before GC invocations=32 (full 8):
 PSYoungGen      total 286208K, used 225792K [0x00000000eab00000, 0x0000000100000000, 0x0000000100000000)
  eden space 225792K, 100% used [0x00000000eab00000,0x00000000f8780000,0x00000000f8780000)
  from space 60416K, 0% used [0x00000000f8780000,0x00000000f8780000,0x00000000fc280000)
  to   space 58880K, 0% used [0x00000000fc680000,0x00000000fc680000,0x0000000100000000)
 ParOldGen       total 183808K, used 83711K [0x00000000c0000000, 0x00000000cb380000, 0x00000000eab00000)
  object space 183808K, 45% used [0x00000000c0000000,0x00000000c51bfe98,0x00000000cb380000)
 Metaspace       used 80334K, capacity 83586K, committed 110592K, reserved 1142784K
  class space    used 10164K, capacity 11132K, committed 16896K, reserved 1048576K
Event: 8355.842 GC heap after
Heap after GC invocations=32 (full 8):
 PSYoungGen      total 281088K, used 25561K [0x00000000eab00000, 0x00000000ff880000, 0x0000000100000000)
  eden space 229888K, 0% used [0x00000000eab00000,0x00000000eab00000,0x00000000f8b80000)
  from space 51200K, 49% used [0x00000000fc680000,0x00000000fdf76540,0x00000000ff880000)
  to   space 55808K, 0% used [0x00000000f8b80000,0x00000000f8b80000,0x00000000fc200000)
 ParOldGen       total 183808K, used 83719K [0x00000000c0000000, 0x00000000cb380000, 0x00000000eab00000)
  object space 183808K, 45% used [0x00000000c0000000,0x00000000c51c1e98,0x00000000cb380000)
 Metaspace       used 80334K, capacity 83586K, committed 110592K, reserved 1142784K
  class space    used 10164K, capacity 11132K, committed 16896K, reserved 1048576K
}
Event: 8730.738 GC heap before
{Heap before GC invocations=33 (full 8):
 PSYoungGen      total 281088K, used 255449K [0x00000000eab00000, 0x00000000ff880000, 0x0000000100000000)
  eden space 229888K, 100% used [0x00000000eab00000,0x00000000f8b80000,0x00000000f8b80000)
  from space 51200K, 49% used [0x00000000fc680000,0x00000000fdf76540,0x00000000ff880000)
  to   space 55808K, 0% used [0x00000000f8b80000,0x00000000f8b80000,0x00000000fc200000)
 ParOldGen       total 183808K, used 83719K [0x00000000c0000000, 0x00000000cb380000, 0x00000000eab00000)
  object space 183808K, 45% used [0x00000000c0000000,0x00000000c51c1e98,0x00000000cb380000)
 Metaspace       used 84265K, capacity 88184K, committed 110592K, reserved 1142784K
  class space    used 10709K, capacity 11907K, committed 16896K, reserved 1048576K
Event: 8730.758 GC heap after
Heap after GC invocations=33 (full 8):
 PSYoungGen      total 285696K, used 28939K [0x00000000eab00000, 0x00000000fff00000, 0x0000000100000000)
  eden space 229888K, 0% used [0x00000000eab00000,0x00000000eab00000,0x00000000f8b80000)
  from space 55808K, 51% used [0x00000000f8b80000,0x00000000fa7c2f48,0x00000000fc200000)
  to   space 53760K, 0% used [0x00000000fca80000,0x00000000fca80000,0x00000000fff00000)
 ParOldGen       total 183808K, used 83727K [0x00000000c0000000, 0x00000000cb380000, 0x00000000eab00000)
  object space 183808K, 45% used [0x00000000c0000000,0x00000000c51c3e98,0x00000000cb380000)
 Metaspace       used 84265K, capacity 88184K, committed 110592K, reserved 1142784K
  class space    used 10709K, capacity 11907K, committed 16896K, reserved 1048576K
}
Event: 8733.523 GC heap before
{Heap before GC invocations=34 (full 8):
 PSYoungGen      total 285696K, used 258827K [0x00000000eab00000, 0x00000000fff00000, 0x0000000100000000)
  eden space 229888K, 100% used [0x00000000eab00000,0x00000000f8b80000,0x00000000f8b80000)
  from space 55808K, 51% used [0x00000000f8b80000,0x00000000fa7c2f48,0x00000000fc200000)
  to   space 53760K, 0% used [0x00000000fca80000,0x00000000fca80000,0x00000000fff00000)
 ParOldGen       total 183808K, used 83727K [0x00000000c0000000, 0x00000000cb380000, 0x00000000eab00000)
  object space 183808K, 45% used [0x00000000c0000000,0x00000000c51c3e98,0x00000000cb380000)
 Metaspace       used 89594K, capacity 94171K, committed 110592K, reserved 1142784K
  class space    used 11621K, capacity 13040K, committed 16896K, reserved 1048576K
Event: 8733.557 GC heap after
Heap after GC invocations=34 (full 8):
 PSYoungGen      total 284160K, used 49133K [0x00000000eab00000, 0x0000000100000000, 0x0000000100000000)
  eden space 230400K, 0% used [0x00000000eab00000,0x00000000eab00000,0x00000000f8c00000)
  from space 53760K, 91% used [0x00000000fca80000,0x00000000ffa7b630,0x00000000fff00000)
  to   space 59392K, 0% used [0x00000000f8c00000,0x00000000f8c00000,0x00000000fc600000)
 ParOldGen       total 183808K, used 83735K [0x00000000c0000000, 0x00000000cb380000, 0x00000000eab00000)
  object space 183808K, 45% used [0x00000000c0000000,0x00000000c51c5e98,0x00000000cb380000)
 Metaspace       used 89594K, capacity 94171K, committed 110592K, reserved 1142784K
  class space    used 11621K, capacity 13040K, committed 16896K, reserved 1048576K
}
Event: 8735.377 GC heap before
{Heap before GC invocations=35 (full 8):
 PSYoungGen      total 284160K, used 279533K [0x00000000eab00000, 0x0000000100000000, 0x0000000100000000)
  eden space 230400K, 100% used [0x00000000eab00000,0x00000000f8c00000,0x00000000f8c00000)
  from space 53760K, 91% used [0x00000000fca80000,0x00000000ffa7b630,0x00000000fff00000)
  to   space 59392K, 0% used [0x00000000f8c00000,0x00000000f8c00000,0x00000000fc600000)
 ParOldGen       total 183808K, used 83735K [0x00000000c0000000, 0x00000000cb380000, 0x00000000eab00000)
  object space 183808K, 45% used [0x00000000c0000000,0x00000000c51c5e98,0x00000000cb380000)
 Metaspace       used 97574K, capacity 102305K, committed 110592K, reserved 1142784K
  class space    used 12292K, capacity 13770K, committed 16896K, reserved 1048576K
Event: 8735.441 GC heap after
Heap after GC invocations=35 (full 8):
 PSYoungGen      total 289792K, used 59365K [0x00000000eab00000, 0x0000000100000000, 0x0000000100000000)
  eden space 230400K, 0% used [0x00000000eab00000,0x00000000eab00000,0x00000000f8c00000)
  from space 59392K, 99% used [0x00000000f8c00000,0x00000000fc5f96c8,0x00000000fc600000)
  to   space 59392K, 0% used [0x00000000fc600000,0x00000000fc600000,0x0000000100000000)
 ParOldGen       total 183808K, used 86978K [0x00000000c0000000, 0x00000000cb380000, 0x00000000eab00000)
  object space 183808K, 47% used [0x00000000c0000000,0x00000000c54f09c0,0x00000000cb380000)
 Metaspace       used 97574K, capacity 102305K, committed 110592K, reserved 1142784K
  class space    used 12292K, capacity 13770K, committed 16896K, reserved 1048576K
}

