# JRE version: Java(TM) SE Runtime Environment (8.0_20-b26) (build 1.8.0_20-b26)
# Java VM: Java HotSpot(TM) 64-Bit Server VM (25.20-b23 mixed mode windows-amd64 compressed oops)
Heap:
 PSYoungGen      total 284160K, used 78368K [0x00000000eab00000, 0x00000000ff300000, 0x0000000100000000)
  eden space 230912K, 22% used [0x00000000eab00000,0x00000000edd36c70,0x00000000f8c80000)
  from space 53248K, 50% used [0x00000000f8c80000,0x00000000fa6d1668,0x00000000fc080000)
  to   space 51712K, 0% used [0x00000000fc080000,0x00000000fc080000,0x00000000ff300000)
 ParOldGen       total 326656K, used 86005K [0x00000000c0000000, 0x00000000d3f00000, 0x00000000eab00000)
  object space 326656K, 26% used [0x00000000c0000000,0x00000000c53fd708,0x00000000d3f00000)
 Metaspace       used 93484K, capacity 98255K, committed 196992K, reserved 1204224K
  class space    used 12249K, capacity 13679K, committed 42624K, reserved 1048576K
GC Heap History (10 events):
Event: 39547.060 GC heap before
{Heap before GC invocations=159 (full 47):
 PSYoungGen      total 284160K, used 20326K [0x00000000eab00000, 0x00000000ff700000, 0x0000000100000000)
  eden space 229376K, 0% used [0x00000000eab00000,0x00000000eab00000,0x00000000f8b00000)
  from space 54784K, 37% used [0x00000000fc180000,0x00000000fd559a70,0x00000000ff700000)
  to   space 55296K, 0% used [0x00000000f8b00000,0x00000000f8b00000,0x00000000fc100000)
 ParOldGen       total 326656K, used 87551K [0x00000000c0000000, 0x00000000d3f00000, 0x00000000eab00000)
  object space 326656K, 26% used [0x00000000c0000000,0x00000000c557ffc0,0x00000000d3f00000)
 Metaspace       used 81261K, capacity 85585K, committed 196992K, reserved 1204224K
  class space    used 10652K, capacity 11935K, committed 42624K, reserved 1048576K
Event: 39547.369 GC heap after
Heap after GC invocations=159 (full 47):
 PSYoungGen      total 284160K, used 0K [0x00000000eab00000, 0x00000000ff700000, 0x0000000100000000)
  eden space 229376K, 0% used [0x00000000eab00000,0x00000000eab00000,0x00000000f8b00000)
  from space 54784K, 0% used [0x00000000fc180000,0x00000000fc180000,0x00000000ff700000)
  to   space 55296K, 0% used [0x00000000f8b00000,0x00000000f8b00000,0x00000000fc100000)
 ParOldGen       total 326656K, used 81898K [0x00000000c0000000, 0x00000000d3f00000, 0x00000000eab00000)
  object space 326656K, 25% used [0x00000000c0000000,0x00000000c4ffaa50,0x00000000d3f00000)
 Metaspace       used 80656K, capacity 84269K, committed 196992K, reserved 1204224K
  class space    used 10420K, capacity 11443K, committed 42624K, reserved 1048576K
}
Event: 40052.386 GC heap before
{Heap before GC invocations=160 (full 47):
 PSYoungGen      total 284160K, used 229376K [0x00000000eab00000, 0x00000000ff700000, 0x0000000100000000)
  eden space 229376K, 100% used [0x00000000eab00000,0x00000000f8b00000,0x00000000f8b00000)
  from space 54784K, 0% used [0x00000000fc180000,0x00000000fc180000,0x00000000ff700000)
  to   space 55296K, 0% used [0x00000000f8b00000,0x00000000f8b00000,0x00000000fc100000)
 ParOldGen       total 326656K, used 81898K [0x00000000c0000000, 0x00000000d3f00000, 0x00000000eab00000)
  object space 326656K, 25% used [0x00000000c0000000,0x00000000c4ffaa50,0x00000000d3f00000)
 Metaspace       used 86759K, capacity 91134K, committed 196992K, reserved 1204224K
  class space    used 11336K, capacity 12634K, committed 42624K, reserved 1048576K
Event: 40052.408 GC heap after
Heap after GC invocations=160 (full 47):
 PSYoungGen      total 284672K, used 26915K [0x00000000eab00000, 0x00000000ff580000, 0x0000000100000000)
  eden space 229376K, 0% used [0x00000000eab00000,0x00000000eab00000,0x00000000f8b00000)
  from space 55296K, 48% used [0x00000000f8b00000,0x00000000fa548e40,0x00000000fc100000)
  to   space 53760K, 0% used [0x00000000fc100000,0x00000000fc100000,0x00000000ff580000)
 ParOldGen       total 326656K, used 81898K [0x00000000c0000000, 0x00000000d3f00000, 0x00000000eab00000)
  object space 326656K, 25% used [0x00000000c0000000,0x00000000c4ffaa50,0x00000000d3f00000)
 Metaspace       used 86759K, capacity 91134K, committed 196992K, reserved 1204224K
  class space    used 11336K, capacity 12634K, committed 42624K, reserved 1048576K
}
Event: 40054.644 GC heap before
{Heap before GC invocations=161 (full 47):
 PSYoungGen      total 284672K, used 104524K [0x00000000eab00000, 0x00000000ff580000, 0x0000000100000000)
  eden space 229376K, 33% used [0x00000000eab00000,0x00000000ef6ca280,0x00000000f8b00000)
  from space 55296K, 48% used [0x00000000f8b00000,0x00000000fa548e40,0x00000000fc100000)
  to   space 53760K, 0% used [0x00000000fc100000,0x00000000fc100000,0x00000000ff580000)
 ParOldGen       total 326656K, used 81898K [0x00000000c0000000, 0x00000000d3f00000, 0x00000000eab00000)
  object space 326656K, 25% used [0x00000000c0000000,0x00000000c4ffaa50,0x00000000d3f00000)
 Metaspace       used 87719K, capacity 92190K, committed 196992K, reserved 1204224K
  class space    used 11510K, capacity 12840K, committed 42624K, reserved 1048576K
Event: 40054.655 GC heap after
Heap after GC invocations=161 (full 47):
 PSYoungGen      total 283648K, used 20406K [0x00000000eab00000, 0x00000000ff480000, 0x0000000100000000)
  eden space 230912K, 0% used [0x00000000eab00000,0x00000000eab00000,0x00000000f8c80000)
  from space 52736K, 38% used [0x00000000fc100000,0x00000000fd4eda60,0x00000000ff480000)
  to   space 53248K, 0% used [0x00000000f8c80000,0x00000000f8c80000,0x00000000fc080000)
 ParOldGen       total 326656K, used 81898K [0x00000000c0000000, 0x00000000d3f00000, 0x00000000eab00000)
  object space 326656K, 25% used [0x00000000c0000000,0x00000000c4ffaa50,0x00000000d3f00000)
 Metaspace       used 87719K, capacity 92190K, committed 196992K, reserved 1204224K
  class space    used 11510K, capacity 12840K, committed 42624K, reserved 1048576K
}
Event: 40054.655 GC heap before
{Heap before GC invocations=162 (full 48):
 PSYoungGen      total 283648K, used 20406K [0x00000000eab00000, 0x00000000ff480000, 0x0000000100000000)
  eden space 230912K, 0% used [0x00000000eab00000,0x00000000eab00000,0x00000000f8c80000)
  from space 52736K, 38% used [0x00000000fc100000,0x00000000fd4eda60,0x00000000ff480000)
  to   space 53248K, 0% used [0x00000000f8c80000,0x00000000f8c80000,0x00000000fc080000)
 ParOldGen       total 326656K, used 81898K [0x00000000c0000000, 0x00000000d3f00000, 0x00000000eab00000)
  object space 326656K, 25% used [0x00000000c0000000,0x00000000c4ffaa50,0x00000000d3f00000)
 Metaspace       used 87719K, capacity 92190K, committed 196992K, reserved 1204224K
  class space    used 11510K, capacity 12840K, committed 42624K, reserved 1048576K
Event: 40054.965 GC heap after
Heap after GC invocations=162 (full 48):
 PSYoungGen      total 283648K, used 0K [0x00000000eab00000, 0x00000000ff480000, 0x0000000100000000)
  eden space 230912K, 0% used [0x00000000eab00000,0x00000000eab00000,0x00000000f8c80000)
  from space 52736K, 0% used [0x00000000fc100000,0x00000000fc100000,0x00000000ff480000)
  to   space 53248K, 0% used [0x00000000f8c80000,0x00000000f8c80000,0x00000000fc080000)
 ParOldGen       total 326656K, used 86005K [0x00000000c0000000, 0x00000000d3f00000, 0x00000000eab00000)
  object space 326656K, 26% used [0x00000000c0000000,0x00000000c53fd708,0x00000000d3f00000)
 Metaspace       used 87170K, capacity 91060K, committed 196992K, reserved 1204224K
  class space    used 11290K, capacity 12399K, committed 42624K, reserved 1048576K
}
Event: 40348.407 GC heap before
{Heap before GC invocations=163 (full 48):
 PSYoungGen      total 283648K, used 230912K [0x00000000eab00000, 0x00000000ff480000, 0x0000000100000000)
  eden space 230912K, 100% used [0x00000000eab00000,0x00000000f8c80000,0x00000000f8c80000)
  from space 52736K, 0% used [0x00000000fc100000,0x00000000fc100000,0x00000000ff480000)
  to   space 53248K, 0% used [0x00000000f8c80000,0x00000000f8c80000,0x00000000fc080000)
 ParOldGen       total 326656K, used 86005K [0x00000000c0000000, 0x00000000d3f00000, 0x00000000eab00000)
  object space 326656K, 26% used [0x00000000c0000000,0x00000000c53fd708,0x00000000d3f00000)
 Metaspace       used 93296K, capacity 97983K, committed 196992K, reserved 1204224K
  class space    used 12206K, capacity 13588K, committed 42624K, reserved 1048576K
Event: 40348.429 GC heap after
Heap after GC invocations=163 (full 48):
 PSYoungGen      total 284160K, used 26949K [0x00000000eab00000, 0x00000000ff300000, 0x0000000100000000)
  eden space 230912K, 0% used [0x00000000eab00000,0x00000000eab00000,0x00000000f8c80000)
  from space 53248K, 50% used [0x00000000f8c80000,0x00000000fa6d1668,0x00000000fc080000)
  to   space 51712K, 0% used [0x00000000fc080000,0x00000000fc080000,0x00000000ff300000)
 ParOldGen       total 326656K, used 86005K [0x00000000c0000000, 0x00000000d3f00000, 0x00000000eab00000)
  object space 326656K, 26% used [0x00000000c0000000,0x00000000c53fd708,0x00000000d3f00000)
 Metaspace       used 93296K, capacity 97983K, committed 196992K, reserved 1204224K
  class space    used 12206K, capacity 13588K, committed 42624K, reserved 1048576K
}

